ERROR - 2024-11-01 16:21:17 --> Error connecting to the database: mysqli_sql_exception: Access denied for user 'deltaglobal'@'localhost' (using password: YES) in /home/inogueira/projetos/CRUD de Alunos/system/Database/MySQLi/Connection.php:186
Stack trace:
#0 /home/inogueira/projetos/CRUD de Alunos/system/Database/MySQLi/Connection.php(186): mysqli->real_connect()
#1 /home/inogueira/projetos/CRUD de Alunos/system/Database/BaseConnection.php(421): CodeIgniter\Database\MySQLi\Connection->connect()
#2 /home/inogueira/projetos/CRUD de Alunos/system/Database/BaseConnection.php(616): CodeIgniter\Database\BaseConnection->initialize()
#3 /home/inogueira/projetos/CRUD de Alunos/system/Database/BaseConnection.php(1485): CodeIgniter\Database\BaseConnection->query()
#4 /home/inogueira/projetos/CRUD de Alunos/system/Database/BaseConnection.php(1505): CodeIgniter\Database\BaseConnection->listTables()
#5 /home/inogueira/projetos/CRUD de Alunos/system/Database/MigrationRunner.php(759): CodeIgniter\Database\BaseConnection->tableExists()
#6 /home/inogueira/projetos/CRUD de Alunos/system/Database/MigrationRunner.php(163): CodeIgniter\Database\MigrationRunner->ensureTable()
#7 /home/inogueira/projetos/CRUD de Alunos/system/Commands/Database/Migrate.php(85): CodeIgniter\Database\MigrationRunner->latest()
#8 /home/inogueira/projetos/CRUD de Alunos/system/CLI/Commands.php(70): CodeIgniter\Commands\Database\Migrate->run()
#9 /home/inogueira/projetos/CRUD de Alunos/system/CLI/Console.php(48): CodeIgniter\CLI\Commands->run()
#10 /home/inogueira/projetos/CRUD de Alunos/system/Boot.php(351): CodeIgniter\CLI\Console->run()
#11 /home/inogueira/projetos/CRUD de Alunos/system/Boot.php(104): CodeIgniter\Boot::runCommand()
#12 /home/inogueira/projetos/CRUD de Alunos/spark(84): CodeIgniter\Boot::bootSpark()
#13 {main}

Next CodeIgniter\Database\Exceptions\DatabaseException: Access denied for user '****'@'localhost' (using password: YES) in /home/inogueira/projetos/CRUD de Alunos/system/Database/MySQLi/Connection.php:231
Stack trace:
#0 /home/inogueira/projetos/CRUD de Alunos/system/Database/BaseConnection.php(421): CodeIgniter\Database\MySQLi\Connection->connect()
#1 /home/inogueira/projetos/CRUD de Alunos/system/Database/BaseConnection.php(616): CodeIgniter\Database\BaseConnection->initialize()
#2 /home/inogueira/projetos/CRUD de Alunos/system/Database/BaseConnection.php(1485): CodeIgniter\Database\BaseConnection->query()
#3 /home/inogueira/projetos/CRUD de Alunos/system/Database/BaseConnection.php(1505): CodeIgniter\Database\BaseConnection->listTables()
#4 /home/inogueira/projetos/CRUD de Alunos/system/Database/MigrationRunner.php(759): CodeIgniter\Database\BaseConnection->tableExists()
#5 /home/inogueira/projetos/CRUD de Alunos/system/Database/MigrationRunner.php(163): CodeIgniter\Database\MigrationRunner->ensureTable()
#6 /home/inogueira/projetos/CRUD de Alunos/system/Commands/Database/Migrate.php(85): CodeIgniter\Database\MigrationRunner->latest()
#7 /home/inogueira/projetos/CRUD de Alunos/system/CLI/Commands.php(70): CodeIgniter\Commands\Database\Migrate->run()
#8 /home/inogueira/projetos/CRUD de Alunos/system/CLI/Console.php(48): CodeIgniter\CLI\Commands->run()
#9 /home/inogueira/projetos/CRUD de Alunos/system/Boot.php(351): CodeIgniter\CLI\Console->run()
#10 /home/inogueira/projetos/CRUD de Alunos/system/Boot.php(104): CodeIgniter\Boot::runCommand()
#11 /home/inogueira/projetos/CRUD de Alunos/spark(84): CodeIgniter\Boot::bootSpark()
#12 {main}
ERROR - 2024-11-01 16:23:29 --> Error connecting to the database: mysqli_sql_exception: Access denied for user 'deltaglobal'@'localhost' (using password: YES) in /home/inogueira/projetos/CRUD de Alunos/system/Database/MySQLi/Connection.php:186
Stack trace:
#0 /home/inogueira/projetos/CRUD de Alunos/system/Database/MySQLi/Connection.php(186): mysqli->real_connect()
#1 /home/inogueira/projetos/CRUD de Alunos/system/Database/BaseConnection.php(421): CodeIgniter\Database\MySQLi\Connection->connect()
#2 /home/inogueira/projetos/CRUD de Alunos/system/Database/BaseConnection.php(616): CodeIgniter\Database\BaseConnection->initialize()
#3 /home/inogueira/projetos/CRUD de Alunos/system/Database/BaseConnection.php(1485): CodeIgniter\Database\BaseConnection->query()
#4 /home/inogueira/projetos/CRUD de Alunos/system/Database/BaseConnection.php(1505): CodeIgniter\Database\BaseConnection->listTables()
#5 /home/inogueira/projetos/CRUD de Alunos/system/Database/MigrationRunner.php(759): CodeIgniter\Database\BaseConnection->tableExists()
#6 /home/inogueira/projetos/CRUD de Alunos/system/Database/MigrationRunner.php(163): CodeIgniter\Database\MigrationRunner->ensureTable()
#7 /home/inogueira/projetos/CRUD de Alunos/system/Commands/Database/Migrate.php(85): CodeIgniter\Database\MigrationRunner->latest()
#8 /home/inogueira/projetos/CRUD de Alunos/system/CLI/Commands.php(70): CodeIgniter\Commands\Database\Migrate->run()
#9 /home/inogueira/projetos/CRUD de Alunos/system/CLI/Console.php(48): CodeIgniter\CLI\Commands->run()
#10 /home/inogueira/projetos/CRUD de Alunos/system/Boot.php(351): CodeIgniter\CLI\Console->run()
#11 /home/inogueira/projetos/CRUD de Alunos/system/Boot.php(104): CodeIgniter\Boot::runCommand()
#12 /home/inogueira/projetos/CRUD de Alunos/spark(84): CodeIgniter\Boot::bootSpark()
#13 {main}

Next CodeIgniter\Database\Exceptions\DatabaseException: Access denied for user '****'@'localhost' (using password: YES) in /home/inogueira/projetos/CRUD de Alunos/system/Database/MySQLi/Connection.php:231
Stack trace:
#0 /home/inogueira/projetos/CRUD de Alunos/system/Database/BaseConnection.php(421): CodeIgniter\Database\MySQLi\Connection->connect()
#1 /home/inogueira/projetos/CRUD de Alunos/system/Database/BaseConnection.php(616): CodeIgniter\Database\BaseConnection->initialize()
#2 /home/inogueira/projetos/CRUD de Alunos/system/Database/BaseConnection.php(1485): CodeIgniter\Database\BaseConnection->query()
#3 /home/inogueira/projetos/CRUD de Alunos/system/Database/BaseConnection.php(1505): CodeIgniter\Database\BaseConnection->listTables()
#4 /home/inogueira/projetos/CRUD de Alunos/system/Database/MigrationRunner.php(759): CodeIgniter\Database\BaseConnection->tableExists()
#5 /home/inogueira/projetos/CRUD de Alunos/system/Database/MigrationRunner.php(163): CodeIgniter\Database\MigrationRunner->ensureTable()
#6 /home/inogueira/projetos/CRUD de Alunos/system/Commands/Database/Migrate.php(85): CodeIgniter\Database\MigrationRunner->latest()
#7 /home/inogueira/projetos/CRUD de Alunos/system/CLI/Commands.php(70): CodeIgniter\Commands\Database\Migrate->run()
#8 /home/inogueira/projetos/CRUD de Alunos/system/CLI/Console.php(48): CodeIgniter\CLI\Commands->run()
#9 /home/inogueira/projetos/CRUD de Alunos/system/Boot.php(351): CodeIgniter\CLI\Console->run()
#10 /home/inogueira/projetos/CRUD de Alunos/system/Boot.php(104): CodeIgniter\Boot::runCommand()
#11 /home/inogueira/projetos/CRUD de Alunos/spark(84): CodeIgniter\Boot::bootSpark()
#12 {main}
ERROR - 2024-11-01 16:27:38 --> Error connecting to the database: mysqli_sql_exception: Access denied for user 'deltaglobal'@'localhost' (using password: YES) in /home/inogueira/projetos/CRUD de Alunos/system/Database/MySQLi/Connection.php:186
Stack trace:
#0 /home/inogueira/projetos/CRUD de Alunos/system/Database/MySQLi/Connection.php(186): mysqli->real_connect()
#1 /home/inogueira/projetos/CRUD de Alunos/system/Database/BaseConnection.php(421): CodeIgniter\Database\MySQLi\Connection->connect()
#2 /home/inogueira/projetos/CRUD de Alunos/system/Database/BaseConnection.php(616): CodeIgniter\Database\BaseConnection->initialize()
#3 /home/inogueira/projetos/CRUD de Alunos/system/Database/BaseConnection.php(1485): CodeIgniter\Database\BaseConnection->query()
#4 /home/inogueira/projetos/CRUD de Alunos/system/Database/BaseConnection.php(1505): CodeIgniter\Database\BaseConnection->listTables()
#5 /home/inogueira/projetos/CRUD de Alunos/system/Database/MigrationRunner.php(759): CodeIgniter\Database\BaseConnection->tableExists()
#6 /home/inogueira/projetos/CRUD de Alunos/system/Database/MigrationRunner.php(163): CodeIgniter\Database\MigrationRunner->ensureTable()
#7 /home/inogueira/projetos/CRUD de Alunos/system/Commands/Database/Migrate.php(85): CodeIgniter\Database\MigrationRunner->latest()
#8 /home/inogueira/projetos/CRUD de Alunos/system/CLI/Commands.php(70): CodeIgniter\Commands\Database\Migrate->run()
#9 /home/inogueira/projetos/CRUD de Alunos/system/CLI/Console.php(48): CodeIgniter\CLI\Commands->run()
#10 /home/inogueira/projetos/CRUD de Alunos/system/Boot.php(351): CodeIgniter\CLI\Console->run()
#11 /home/inogueira/projetos/CRUD de Alunos/system/Boot.php(104): CodeIgniter\Boot::runCommand()
#12 /home/inogueira/projetos/CRUD de Alunos/spark(84): CodeIgniter\Boot::bootSpark()
#13 {main}

Next CodeIgniter\Database\Exceptions\DatabaseException: Access denied for user '****'@'localhost' (using password: YES) in /home/inogueira/projetos/CRUD de Alunos/system/Database/MySQLi/Connection.php:231
Stack trace:
#0 /home/inogueira/projetos/CRUD de Alunos/system/Database/BaseConnection.php(421): CodeIgniter\Database\MySQLi\Connection->connect()
#1 /home/inogueira/projetos/CRUD de Alunos/system/Database/BaseConnection.php(616): CodeIgniter\Database\BaseConnection->initialize()
#2 /home/inogueira/projetos/CRUD de Alunos/system/Database/BaseConnection.php(1485): CodeIgniter\Database\BaseConnection->query()
#3 /home/inogueira/projetos/CRUD de Alunos/system/Database/BaseConnection.php(1505): CodeIgniter\Database\BaseConnection->listTables()
#4 /home/inogueira/projetos/CRUD de Alunos/system/Database/MigrationRunner.php(759): CodeIgniter\Database\BaseConnection->tableExists()
#5 /home/inogueira/projetos/CRUD de Alunos/system/Database/MigrationRunner.php(163): CodeIgniter\Database\MigrationRunner->ensureTable()
#6 /home/inogueira/projetos/CRUD de Alunos/system/Commands/Database/Migrate.php(85): CodeIgniter\Database\MigrationRunner->latest()
#7 /home/inogueira/projetos/CRUD de Alunos/system/CLI/Commands.php(70): CodeIgniter\Commands\Database\Migrate->run()
#8 /home/inogueira/projetos/CRUD de Alunos/system/CLI/Console.php(48): CodeIgniter\CLI\Commands->run()
#9 /home/inogueira/projetos/CRUD de Alunos/system/Boot.php(351): CodeIgniter\CLI\Console->run()
#10 /home/inogueira/projetos/CRUD de Alunos/system/Boot.php(104): CodeIgniter\Boot::runCommand()
#11 /home/inogueira/projetos/CRUD de Alunos/spark(84): CodeIgniter\Boot::bootSpark()
#12 {main}
ERROR - 2024-11-01 16:34:48 --> Error connecting to the database: mysqli_sql_exception: Access denied for user 'deltaglobal'@'localhost' (using password: YES) in /home/inogueira/projetos/CRUD de Alunos/system/Database/MySQLi/Connection.php:186
Stack trace:
#0 /home/inogueira/projetos/CRUD de Alunos/system/Database/MySQLi/Connection.php(186): mysqli->real_connect()
#1 /home/inogueira/projetos/CRUD de Alunos/system/Database/BaseConnection.php(421): CodeIgniter\Database\MySQLi\Connection->connect()
#2 /home/inogueira/projetos/CRUD de Alunos/system/Database/BaseConnection.php(616): CodeIgniter\Database\BaseConnection->initialize()
#3 /home/inogueira/projetos/CRUD de Alunos/system/Database/BaseConnection.php(1485): CodeIgniter\Database\BaseConnection->query()
#4 /home/inogueira/projetos/CRUD de Alunos/system/Database/BaseConnection.php(1505): CodeIgniter\Database\BaseConnection->listTables()
#5 /home/inogueira/projetos/CRUD de Alunos/system/Database/MigrationRunner.php(759): CodeIgniter\Database\BaseConnection->tableExists()
#6 /home/inogueira/projetos/CRUD de Alunos/system/Database/MigrationRunner.php(163): CodeIgniter\Database\MigrationRunner->ensureTable()
#7 /home/inogueira/projetos/CRUD de Alunos/system/Commands/Database/Migrate.php(85): CodeIgniter\Database\MigrationRunner->latest()
#8 /home/inogueira/projetos/CRUD de Alunos/system/CLI/Commands.php(70): CodeIgniter\Commands\Database\Migrate->run()
#9 /home/inogueira/projetos/CRUD de Alunos/system/CLI/Console.php(48): CodeIgniter\CLI\Commands->run()
#10 /home/inogueira/projetos/CRUD de Alunos/system/Boot.php(351): CodeIgniter\CLI\Console->run()
#11 /home/inogueira/projetos/CRUD de Alunos/system/Boot.php(104): CodeIgniter\Boot::runCommand()
#12 /home/inogueira/projetos/CRUD de Alunos/spark(84): CodeIgniter\Boot::bootSpark()
#13 {main}

Next CodeIgniter\Database\Exceptions\DatabaseException: Access denied for user '****'@'localhost' (using password: YES) in /home/inogueira/projetos/CRUD de Alunos/system/Database/MySQLi/Connection.php:231
Stack trace:
#0 /home/inogueira/projetos/CRUD de Alunos/system/Database/BaseConnection.php(421): CodeIgniter\Database\MySQLi\Connection->connect()
#1 /home/inogueira/projetos/CRUD de Alunos/system/Database/BaseConnection.php(616): CodeIgniter\Database\BaseConnection->initialize()
#2 /home/inogueira/projetos/CRUD de Alunos/system/Database/BaseConnection.php(1485): CodeIgniter\Database\BaseConnection->query()
#3 /home/inogueira/projetos/CRUD de Alunos/system/Database/BaseConnection.php(1505): CodeIgniter\Database\BaseConnection->listTables()
#4 /home/inogueira/projetos/CRUD de Alunos/system/Database/MigrationRunner.php(759): CodeIgniter\Database\BaseConnection->tableExists()
#5 /home/inogueira/projetos/CRUD de Alunos/system/Database/MigrationRunner.php(163): CodeIgniter\Database\MigrationRunner->ensureTable()
#6 /home/inogueira/projetos/CRUD de Alunos/system/Commands/Database/Migrate.php(85): CodeIgniter\Database\MigrationRunner->latest()
#7 /home/inogueira/projetos/CRUD de Alunos/system/CLI/Commands.php(70): CodeIgniter\Commands\Database\Migrate->run()
#8 /home/inogueira/projetos/CRUD de Alunos/system/CLI/Console.php(48): CodeIgniter\CLI\Commands->run()
#9 /home/inogueira/projetos/CRUD de Alunos/system/Boot.php(351): CodeIgniter\CLI\Console->run()
#10 /home/inogueira/projetos/CRUD de Alunos/system/Boot.php(104): CodeIgniter\Boot::runCommand()
#11 /home/inogueira/projetos/CRUD de Alunos/spark(84): CodeIgniter\Boot::bootSpark()
#12 {main}
ERROR - 2024-11-01 16:39:00 --> Error connecting to the database: mysqli_sql_exception: Access denied for user 'deltaglobal'@'localhost' (using password: YES) in /home/inogueira/projetos/CRUD de Alunos/system/Database/MySQLi/Connection.php:186
Stack trace:
#0 /home/inogueira/projetos/CRUD de Alunos/system/Database/MySQLi/Connection.php(186): mysqli->real_connect()
#1 /home/inogueira/projetos/CRUD de Alunos/system/Database/BaseConnection.php(421): CodeIgniter\Database\MySQLi\Connection->connect()
#2 /home/inogueira/projetos/CRUD de Alunos/system/Database/BaseConnection.php(616): CodeIgniter\Database\BaseConnection->initialize()
#3 /home/inogueira/projetos/CRUD de Alunos/system/Database/BaseConnection.php(1485): CodeIgniter\Database\BaseConnection->query()
#4 /home/inogueira/projetos/CRUD de Alunos/system/Database/BaseConnection.php(1505): CodeIgniter\Database\BaseConnection->listTables()
#5 /home/inogueira/projetos/CRUD de Alunos/system/Database/MigrationRunner.php(759): CodeIgniter\Database\BaseConnection->tableExists()
#6 /home/inogueira/projetos/CRUD de Alunos/system/Database/MigrationRunner.php(163): CodeIgniter\Database\MigrationRunner->ensureTable()
#7 /home/inogueira/projetos/CRUD de Alunos/system/Commands/Database/Migrate.php(85): CodeIgniter\Database\MigrationRunner->latest()
#8 /home/inogueira/projetos/CRUD de Alunos/system/CLI/Commands.php(70): CodeIgniter\Commands\Database\Migrate->run()
#9 /home/inogueira/projetos/CRUD de Alunos/system/CLI/Console.php(48): CodeIgniter\CLI\Commands->run()
#10 /home/inogueira/projetos/CRUD de Alunos/system/Boot.php(351): CodeIgniter\CLI\Console->run()
#11 /home/inogueira/projetos/CRUD de Alunos/system/Boot.php(104): CodeIgniter\Boot::runCommand()
#12 /home/inogueira/projetos/CRUD de Alunos/spark(84): CodeIgniter\Boot::bootSpark()
#13 {main}

Next CodeIgniter\Database\Exceptions\DatabaseException: Access denied for user '****'@'localhost' (using password: YES) in /home/inogueira/projetos/CRUD de Alunos/system/Database/MySQLi/Connection.php:231
Stack trace:
#0 /home/inogueira/projetos/CRUD de Alunos/system/Database/BaseConnection.php(421): CodeIgniter\Database\MySQLi\Connection->connect()
#1 /home/inogueira/projetos/CRUD de Alunos/system/Database/BaseConnection.php(616): CodeIgniter\Database\BaseConnection->initialize()
#2 /home/inogueira/projetos/CRUD de Alunos/system/Database/BaseConnection.php(1485): CodeIgniter\Database\BaseConnection->query()
#3 /home/inogueira/projetos/CRUD de Alunos/system/Database/BaseConnection.php(1505): CodeIgniter\Database\BaseConnection->listTables()
#4 /home/inogueira/projetos/CRUD de Alunos/system/Database/MigrationRunner.php(759): CodeIgniter\Database\BaseConnection->tableExists()
#5 /home/inogueira/projetos/CRUD de Alunos/system/Database/MigrationRunner.php(163): CodeIgniter\Database\MigrationRunner->ensureTable()
#6 /home/inogueira/projetos/CRUD de Alunos/system/Commands/Database/Migrate.php(85): CodeIgniter\Database\MigrationRunner->latest()
#7 /home/inogueira/projetos/CRUD de Alunos/system/CLI/Commands.php(70): CodeIgniter\Commands\Database\Migrate->run()
#8 /home/inogueira/projetos/CRUD de Alunos/system/CLI/Console.php(48): CodeIgniter\CLI\Commands->run()
#9 /home/inogueira/projetos/CRUD de Alunos/system/Boot.php(351): CodeIgniter\CLI\Console->run()
#10 /home/inogueira/projetos/CRUD de Alunos/system/Boot.php(104): CodeIgniter\Boot::runCommand()
#11 /home/inogueira/projetos/CRUD de Alunos/spark(84): CodeIgniter\Boot::bootSpark()
#12 {main}
ERROR - 2024-11-01 16:45:50 --> Error connecting to the database: mysqli_sql_exception: Access denied for user 'deltaglobal'@'localhost' (using password: YES) in /home/inogueira/projetos/CRUD de Alunos/system/Database/MySQLi/Connection.php:186
Stack trace:
#0 /home/inogueira/projetos/CRUD de Alunos/system/Database/MySQLi/Connection.php(186): mysqli->real_connect()
#1 /home/inogueira/projetos/CRUD de Alunos/system/Database/BaseConnection.php(421): CodeIgniter\Database\MySQLi\Connection->connect()
#2 /home/inogueira/projetos/CRUD de Alunos/system/Database/Database.php(72): CodeIgniter\Database\BaseConnection->initialize()
#3 /home/inogueira/projetos/CRUD de Alunos/system/Database/Config.php(111): CodeIgniter\Database\Database->loadForge()
#4 /home/inogueira/projetos/CRUD de Alunos/system/Commands/Database/CreateDatabase.php(136): CodeIgniter\Database\Config::forge()
#5 /home/inogueira/projetos/CRUD de Alunos/system/CLI/Commands.php(70): CodeIgniter\Commands\Database\CreateDatabase->run()
#6 /home/inogueira/projetos/CRUD de Alunos/system/CLI/Console.php(48): CodeIgniter\CLI\Commands->run()
#7 /home/inogueira/projetos/CRUD de Alunos/system/Boot.php(351): CodeIgniter\CLI\Console->run()
#8 /home/inogueira/projetos/CRUD de Alunos/system/Boot.php(104): CodeIgniter\Boot::runCommand()
#9 /home/inogueira/projetos/CRUD de Alunos/spark(84): CodeIgniter\Boot::bootSpark()
#10 {main}

Next CodeIgniter\Database\Exceptions\DatabaseException: Access denied for user '****'@'localhost' (using password: YES) in /home/inogueira/projetos/CRUD de Alunos/system/Database/MySQLi/Connection.php:231
Stack trace:
#0 /home/inogueira/projetos/CRUD de Alunos/system/Database/BaseConnection.php(421): CodeIgniter\Database\MySQLi\Connection->connect()
#1 /home/inogueira/projetos/CRUD de Alunos/system/Database/Database.php(72): CodeIgniter\Database\BaseConnection->initialize()
#2 /home/inogueira/projetos/CRUD de Alunos/system/Database/Config.php(111): CodeIgniter\Database\Database->loadForge()
#3 /home/inogueira/projetos/CRUD de Alunos/system/Commands/Database/CreateDatabase.php(136): CodeIgniter\Database\Config::forge()
#4 /home/inogueira/projetos/CRUD de Alunos/system/CLI/Commands.php(70): CodeIgniter\Commands\Database\CreateDatabase->run()
#5 /home/inogueira/projetos/CRUD de Alunos/system/CLI/Console.php(48): CodeIgniter\CLI\Commands->run()
#6 /home/inogueira/projetos/CRUD de Alunos/system/Boot.php(351): CodeIgniter\CLI\Console->run()
#7 /home/inogueira/projetos/CRUD de Alunos/system/Boot.php(104): CodeIgniter\Boot::runCommand()
#8 /home/inogueira/projetos/CRUD de Alunos/spark(84): CodeIgniter\Boot::bootSpark()
#9 {main}
ERROR - 2024-11-01 16:47:14 --> Error connecting to the database: mysqli_sql_exception: Access denied for user 'root'@'localhost' (using password: NO) in /home/inogueira/projetos/CRUD de Alunos/system/Database/MySQLi/Connection.php:186
Stack trace:
#0 /home/inogueira/projetos/CRUD de Alunos/system/Database/MySQLi/Connection.php(186): mysqli->real_connect()
#1 /home/inogueira/projetos/CRUD de Alunos/system/Database/BaseConnection.php(421): CodeIgniter\Database\MySQLi\Connection->connect()
#2 /home/inogueira/projetos/CRUD de Alunos/system/Database/Database.php(72): CodeIgniter\Database\BaseConnection->initialize()
#3 /home/inogueira/projetos/CRUD de Alunos/system/Database/Config.php(111): CodeIgniter\Database\Database->loadForge()
#4 /home/inogueira/projetos/CRUD de Alunos/system/Commands/Database/CreateDatabase.php(136): CodeIgniter\Database\Config::forge()
#5 /home/inogueira/projetos/CRUD de Alunos/system/CLI/Commands.php(70): CodeIgniter\Commands\Database\CreateDatabase->run()
#6 /home/inogueira/projetos/CRUD de Alunos/system/CLI/Console.php(48): CodeIgniter\CLI\Commands->run()
#7 /home/inogueira/projetos/CRUD de Alunos/system/Boot.php(351): CodeIgniter\CLI\Console->run()
#8 /home/inogueira/projetos/CRUD de Alunos/system/Boot.php(104): CodeIgniter\Boot::runCommand()
#9 /home/inogueira/projetos/CRUD de Alunos/spark(84): CodeIgniter\Boot::bootSpark()
#10 {main}

Next CodeIgniter\Database\Exceptions\DatabaseException: Access denied for user '****'@'localhost' (using password: NO) in /home/inogueira/projetos/CRUD de Alunos/system/Database/MySQLi/Connection.php:231
Stack trace:
#0 /home/inogueira/projetos/CRUD de Alunos/system/Database/BaseConnection.php(421): CodeIgniter\Database\MySQLi\Connection->connect()
#1 /home/inogueira/projetos/CRUD de Alunos/system/Database/Database.php(72): CodeIgniter\Database\BaseConnection->initialize()
#2 /home/inogueira/projetos/CRUD de Alunos/system/Database/Config.php(111): CodeIgniter\Database\Database->loadForge()
#3 /home/inogueira/projetos/CRUD de Alunos/system/Commands/Database/CreateDatabase.php(136): CodeIgniter\Database\Config::forge()
#4 /home/inogueira/projetos/CRUD de Alunos/system/CLI/Commands.php(70): CodeIgniter\Commands\Database\CreateDatabase->run()
#5 /home/inogueira/projetos/CRUD de Alunos/system/CLI/Console.php(48): CodeIgniter\CLI\Commands->run()
#6 /home/inogueira/projetos/CRUD de Alunos/system/Boot.php(351): CodeIgniter\CLI\Console->run()
#7 /home/inogueira/projetos/CRUD de Alunos/system/Boot.php(104): CodeIgniter\Boot::runCommand()
#8 /home/inogueira/projetos/CRUD de Alunos/spark(84): CodeIgniter\Boot::bootSpark()
#9 {main}
CRITICAL - 2024-11-01 16:49:42 --> Error: Class "Config\Database" not found
[Method: CLI, Route: db:create/deltaglobal]
in SYSTEMPATH/Commands/Database/CreateDatabase.php on line 151.
 1 SYSTEMPATH/CLI/Commands.php(70): CodeIgniter\Commands\Database\CreateDatabase->run()
 2 SYSTEMPATH/CLI/Console.php(48): CodeIgniter\CLI\Commands->run()
 3 SYSTEMPATH/Boot.php(351): CodeIgniter\CLI\Console->run()
 4 SYSTEMPATH/Boot.php(104): CodeIgniter\Boot::runCommand()
 5 ROOTPATH/spark(84): CodeIgniter\Boot::bootSpark()
ERROR - 2024-11-01 16:50:25 --> Error connecting to the database: mysqli_sql_exception: Access denied for user 'deltaglobal'@'localhost' (using password: YES) in /home/inogueira/projetos/CRUD de Alunos/system/Database/MySQLi/Connection.php:186
Stack trace:
#0 /home/inogueira/projetos/CRUD de Alunos/system/Database/MySQLi/Connection.php(186): mysqli->real_connect()
#1 /home/inogueira/projetos/CRUD de Alunos/system/Database/BaseConnection.php(421): CodeIgniter\Database\MySQLi\Connection->connect()
#2 /home/inogueira/projetos/CRUD de Alunos/system/Database/Database.php(72): CodeIgniter\Database\BaseConnection->initialize()
#3 /home/inogueira/projetos/CRUD de Alunos/system/Database/Config.php(111): CodeIgniter\Database\Database->loadForge()
#4 /home/inogueira/projetos/CRUD de Alunos/system/Commands/Database/CreateDatabase.php(136): CodeIgniter\Database\Config::forge()
#5 /home/inogueira/projetos/CRUD de Alunos/system/CLI/Commands.php(70): CodeIgniter\Commands\Database\CreateDatabase->run()
#6 /home/inogueira/projetos/CRUD de Alunos/system/CLI/Console.php(48): CodeIgniter\CLI\Commands->run()
#7 /home/inogueira/projetos/CRUD de Alunos/system/Boot.php(351): CodeIgniter\CLI\Console->run()
#8 /home/inogueira/projetos/CRUD de Alunos/system/Boot.php(104): CodeIgniter\Boot::runCommand()
#9 /home/inogueira/projetos/CRUD de Alunos/spark(84): CodeIgniter\Boot::bootSpark()
#10 {main}

Next CodeIgniter\Database\Exceptions\DatabaseException: Access denied for user '****'@'localhost' (using password: YES) in /home/inogueira/projetos/CRUD de Alunos/system/Database/MySQLi/Connection.php:231
Stack trace:
#0 /home/inogueira/projetos/CRUD de Alunos/system/Database/BaseConnection.php(421): CodeIgniter\Database\MySQLi\Connection->connect()
#1 /home/inogueira/projetos/CRUD de Alunos/system/Database/Database.php(72): CodeIgniter\Database\BaseConnection->initialize()
#2 /home/inogueira/projetos/CRUD de Alunos/system/Database/Config.php(111): CodeIgniter\Database\Database->loadForge()
#3 /home/inogueira/projetos/CRUD de Alunos/system/Commands/Database/CreateDatabase.php(136): CodeIgniter\Database\Config::forge()
#4 /home/inogueira/projetos/CRUD de Alunos/system/CLI/Commands.php(70): CodeIgniter\Commands\Database\CreateDatabase->run()
#5 /home/inogueira/projetos/CRUD de Alunos/system/CLI/Console.php(48): CodeIgniter\CLI\Commands->run()
#6 /home/inogueira/projetos/CRUD de Alunos/system/Boot.php(351): CodeIgniter\CLI\Console->run()
#7 /home/inogueira/projetos/CRUD de Alunos/system/Boot.php(104): CodeIgniter\Boot::runCommand()
#8 /home/inogueira/projetos/CRUD de Alunos/spark(84): CodeIgniter\Boot::bootSpark()
#9 {main}
ERROR - 2024-11-01 16:50:38 --> Error connecting to the database: mysqli_sql_exception: Access denied for user 'deltaglobal'@'localhost' (using password: YES) in /home/inogueira/projetos/CRUD de Alunos/system/Database/MySQLi/Connection.php:186
Stack trace:
#0 /home/inogueira/projetos/CRUD de Alunos/system/Database/MySQLi/Connection.php(186): mysqli->real_connect()
#1 /home/inogueira/projetos/CRUD de Alunos/system/Database/BaseConnection.php(421): CodeIgniter\Database\MySQLi\Connection->connect()
#2 /home/inogueira/projetos/CRUD de Alunos/system/Database/Database.php(72): CodeIgniter\Database\BaseConnection->initialize()
#3 /home/inogueira/projetos/CRUD de Alunos/system/Database/Config.php(111): CodeIgniter\Database\Database->loadForge()
#4 /home/inogueira/projetos/CRUD de Alunos/system/Commands/Database/CreateDatabase.php(136): CodeIgniter\Database\Config::forge()
#5 /home/inogueira/projetos/CRUD de Alunos/system/CLI/Commands.php(70): CodeIgniter\Commands\Database\CreateDatabase->run()
#6 /home/inogueira/projetos/CRUD de Alunos/system/CLI/Console.php(48): CodeIgniter\CLI\Commands->run()
#7 /home/inogueira/projetos/CRUD de Alunos/system/Boot.php(351): CodeIgniter\CLI\Console->run()
#8 /home/inogueira/projetos/CRUD de Alunos/system/Boot.php(104): CodeIgniter\Boot::runCommand()
#9 /home/inogueira/projetos/CRUD de Alunos/spark(84): CodeIgniter\Boot::bootSpark()
#10 {main}

Next CodeIgniter\Database\Exceptions\DatabaseException: Access denied for user '****'@'localhost' (using password: YES) in /home/inogueira/projetos/CRUD de Alunos/system/Database/MySQLi/Connection.php:231
Stack trace:
#0 /home/inogueira/projetos/CRUD de Alunos/system/Database/BaseConnection.php(421): CodeIgniter\Database\MySQLi\Connection->connect()
#1 /home/inogueira/projetos/CRUD de Alunos/system/Database/Database.php(72): CodeIgniter\Database\BaseConnection->initialize()
#2 /home/inogueira/projetos/CRUD de Alunos/system/Database/Config.php(111): CodeIgniter\Database\Database->loadForge()
#3 /home/inogueira/projetos/CRUD de Alunos/system/Commands/Database/CreateDatabase.php(136): CodeIgniter\Database\Config::forge()
#4 /home/inogueira/projetos/CRUD de Alunos/system/CLI/Commands.php(70): CodeIgniter\Commands\Database\CreateDatabase->run()
#5 /home/inogueira/projetos/CRUD de Alunos/system/CLI/Console.php(48): CodeIgniter\CLI\Commands->run()
#6 /home/inogueira/projetos/CRUD de Alunos/system/Boot.php(351): CodeIgniter\CLI\Console->run()
#7 /home/inogueira/projetos/CRUD de Alunos/system/Boot.php(104): CodeIgniter\Boot::runCommand()
#8 /home/inogueira/projetos/CRUD de Alunos/spark(84): CodeIgniter\Boot::bootSpark()
#9 {main}
ERROR - 2024-11-01 16:51:35 --> Error connecting to the database: mysqli_sql_exception: Access denied for user 'deltaglobal'@'localhost' (using password: YES) in /home/inogueira/projetos/CRUD de Alunos/system/Database/MySQLi/Connection.php:186
Stack trace:
#0 /home/inogueira/projetos/CRUD de Alunos/system/Database/MySQLi/Connection.php(186): mysqli->real_connect()
#1 /home/inogueira/projetos/CRUD de Alunos/system/Database/BaseConnection.php(421): CodeIgniter\Database\MySQLi\Connection->connect()
#2 /home/inogueira/projetos/CRUD de Alunos/system/Database/Database.php(72): CodeIgniter\Database\BaseConnection->initialize()
#3 /home/inogueira/projetos/CRUD de Alunos/system/Database/Config.php(111): CodeIgniter\Database\Database->loadForge()
#4 /home/inogueira/projetos/CRUD de Alunos/system/Commands/Database/CreateDatabase.php(136): CodeIgniter\Database\Config::forge()
#5 /home/inogueira/projetos/CRUD de Alunos/system/CLI/Commands.php(70): CodeIgniter\Commands\Database\CreateDatabase->run()
#6 /home/inogueira/projetos/CRUD de Alunos/system/CLI/Console.php(48): CodeIgniter\CLI\Commands->run()
#7 /home/inogueira/projetos/CRUD de Alunos/system/Boot.php(351): CodeIgniter\CLI\Console->run()
#8 /home/inogueira/projetos/CRUD de Alunos/system/Boot.php(104): CodeIgniter\Boot::runCommand()
#9 /home/inogueira/projetos/CRUD de Alunos/spark(84): CodeIgniter\Boot::bootSpark()
#10 {main}

Next CodeIgniter\Database\Exceptions\DatabaseException: Access denied for user '****'@'localhost' (using password: YES) in /home/inogueira/projetos/CRUD de Alunos/system/Database/MySQLi/Connection.php:231
Stack trace:
#0 /home/inogueira/projetos/CRUD de Alunos/system/Database/BaseConnection.php(421): CodeIgniter\Database\MySQLi\Connection->connect()
#1 /home/inogueira/projetos/CRUD de Alunos/system/Database/Database.php(72): CodeIgniter\Database\BaseConnection->initialize()
#2 /home/inogueira/projetos/CRUD de Alunos/system/Database/Config.php(111): CodeIgniter\Database\Database->loadForge()
#3 /home/inogueira/projetos/CRUD de Alunos/system/Commands/Database/CreateDatabase.php(136): CodeIgniter\Database\Config::forge()
#4 /home/inogueira/projetos/CRUD de Alunos/system/CLI/Commands.php(70): CodeIgniter\Commands\Database\CreateDatabase->run()
#5 /home/inogueira/projetos/CRUD de Alunos/system/CLI/Console.php(48): CodeIgniter\CLI\Commands->run()
#6 /home/inogueira/projetos/CRUD de Alunos/system/Boot.php(351): CodeIgniter\CLI\Console->run()
#7 /home/inogueira/projetos/CRUD de Alunos/system/Boot.php(104): CodeIgniter\Boot::runCommand()
#8 /home/inogueira/projetos/CRUD de Alunos/spark(84): CodeIgniter\Boot::bootSpark()
#9 {main}
ERROR - 2024-11-01 17:06:55 --> Error connecting to the database: mysqli_sql_exception: Access denied for user 'deltaglobal'@'localhost' (using password: YES) in /home/inogueira/projetos/CRUD de Alunos/system/Database/MySQLi/Connection.php:186
Stack trace:
#0 /home/inogueira/projetos/CRUD de Alunos/system/Database/MySQLi/Connection.php(186): mysqli->real_connect()
#1 /home/inogueira/projetos/CRUD de Alunos/system/Database/BaseConnection.php(421): CodeIgniter\Database\MySQLi\Connection->connect()
#2 /home/inogueira/projetos/CRUD de Alunos/system/Database/Database.php(72): CodeIgniter\Database\BaseConnection->initialize()
#3 /home/inogueira/projetos/CRUD de Alunos/system/Database/Config.php(111): CodeIgniter\Database\Database->loadForge()
#4 /home/inogueira/projetos/CRUD de Alunos/system/Commands/Database/CreateDatabase.php(136): CodeIgniter\Database\Config::forge()
#5 /home/inogueira/projetos/CRUD de Alunos/system/CLI/Commands.php(70): CodeIgniter\Commands\Database\CreateDatabase->run()
#6 /home/inogueira/projetos/CRUD de Alunos/system/CLI/Console.php(48): CodeIgniter\CLI\Commands->run()
#7 /home/inogueira/projetos/CRUD de Alunos/system/Boot.php(351): CodeIgniter\CLI\Console->run()
#8 /home/inogueira/projetos/CRUD de Alunos/system/Boot.php(104): CodeIgniter\Boot::runCommand()
#9 /home/inogueira/projetos/CRUD de Alunos/spark(84): CodeIgniter\Boot::bootSpark()
#10 {main}

Next CodeIgniter\Database\Exceptions\DatabaseException: Access denied for user '****'@'localhost' (using password: YES) in /home/inogueira/projetos/CRUD de Alunos/system/Database/MySQLi/Connection.php:231
Stack trace:
#0 /home/inogueira/projetos/CRUD de Alunos/system/Database/BaseConnection.php(421): CodeIgniter\Database\MySQLi\Connection->connect()
#1 /home/inogueira/projetos/CRUD de Alunos/system/Database/Database.php(72): CodeIgniter\Database\BaseConnection->initialize()
#2 /home/inogueira/projetos/CRUD de Alunos/system/Database/Config.php(111): CodeIgniter\Database\Database->loadForge()
#3 /home/inogueira/projetos/CRUD de Alunos/system/Commands/Database/CreateDatabase.php(136): CodeIgniter\Database\Config::forge()
#4 /home/inogueira/projetos/CRUD de Alunos/system/CLI/Commands.php(70): CodeIgniter\Commands\Database\CreateDatabase->run()
#5 /home/inogueira/projetos/CRUD de Alunos/system/CLI/Console.php(48): CodeIgniter\CLI\Commands->run()
#6 /home/inogueira/projetos/CRUD de Alunos/system/Boot.php(351): CodeIgniter\CLI\Console->run()
#7 /home/inogueira/projetos/CRUD de Alunos/system/Boot.php(104): CodeIgniter\Boot::runCommand()
#8 /home/inogueira/projetos/CRUD de Alunos/spark(84): CodeIgniter\Boot::bootSpark()
#9 {main}
ERROR - 2024-11-01 17:07:12 --> Error connecting to the database: mysqli_sql_exception: Access denied for user 'deltaglobal'@'localhost' (using password: YES) in /home/inogueira/projetos/CRUD de Alunos/system/Database/MySQLi/Connection.php:186
Stack trace:
#0 /home/inogueira/projetos/CRUD de Alunos/system/Database/MySQLi/Connection.php(186): mysqli->real_connect()
#1 /home/inogueira/projetos/CRUD de Alunos/system/Database/BaseConnection.php(421): CodeIgniter\Database\MySQLi\Connection->connect()
#2 /home/inogueira/projetos/CRUD de Alunos/system/Database/BaseConnection.php(616): CodeIgniter\Database\BaseConnection->initialize()
#3 /home/inogueira/projetos/CRUD de Alunos/system/Database/BaseConnection.php(1485): CodeIgniter\Database\BaseConnection->query()
#4 /home/inogueira/projetos/CRUD de Alunos/system/Database/BaseConnection.php(1505): CodeIgniter\Database\BaseConnection->listTables()
#5 /home/inogueira/projetos/CRUD de Alunos/system/Database/MigrationRunner.php(759): CodeIgniter\Database\BaseConnection->tableExists()
#6 /home/inogueira/projetos/CRUD de Alunos/system/Database/MigrationRunner.php(163): CodeIgniter\Database\MigrationRunner->ensureTable()
#7 /home/inogueira/projetos/CRUD de Alunos/system/Commands/Database/Migrate.php(85): CodeIgniter\Database\MigrationRunner->latest()
#8 /home/inogueira/projetos/CRUD de Alunos/system/CLI/Commands.php(70): CodeIgniter\Commands\Database\Migrate->run()
#9 /home/inogueira/projetos/CRUD de Alunos/system/CLI/Console.php(48): CodeIgniter\CLI\Commands->run()
#10 /home/inogueira/projetos/CRUD de Alunos/system/Boot.php(351): CodeIgniter\CLI\Console->run()
#11 /home/inogueira/projetos/CRUD de Alunos/system/Boot.php(104): CodeIgniter\Boot::runCommand()
#12 /home/inogueira/projetos/CRUD de Alunos/spark(84): CodeIgniter\Boot::bootSpark()
#13 {main}

Next CodeIgniter\Database\Exceptions\DatabaseException: Access denied for user '****'@'localhost' (using password: YES) in /home/inogueira/projetos/CRUD de Alunos/system/Database/MySQLi/Connection.php:231
Stack trace:
#0 /home/inogueira/projetos/CRUD de Alunos/system/Database/BaseConnection.php(421): CodeIgniter\Database\MySQLi\Connection->connect()
#1 /home/inogueira/projetos/CRUD de Alunos/system/Database/BaseConnection.php(616): CodeIgniter\Database\BaseConnection->initialize()
#2 /home/inogueira/projetos/CRUD de Alunos/system/Database/BaseConnection.php(1485): CodeIgniter\Database\BaseConnection->query()
#3 /home/inogueira/projetos/CRUD de Alunos/system/Database/BaseConnection.php(1505): CodeIgniter\Database\BaseConnection->listTables()
#4 /home/inogueira/projetos/CRUD de Alunos/system/Database/MigrationRunner.php(759): CodeIgniter\Database\BaseConnection->tableExists()
#5 /home/inogueira/projetos/CRUD de Alunos/system/Database/MigrationRunner.php(163): CodeIgniter\Database\MigrationRunner->ensureTable()
#6 /home/inogueira/projetos/CRUD de Alunos/system/Commands/Database/Migrate.php(85): CodeIgniter\Database\MigrationRunner->latest()
#7 /home/inogueira/projetos/CRUD de Alunos/system/CLI/Commands.php(70): CodeIgniter\Commands\Database\Migrate->run()
#8 /home/inogueira/projetos/CRUD de Alunos/system/CLI/Console.php(48): CodeIgniter\CLI\Commands->run()
#9 /home/inogueira/projetos/CRUD de Alunos/system/Boot.php(351): CodeIgniter\CLI\Console->run()
#10 /home/inogueira/projetos/CRUD de Alunos/system/Boot.php(104): CodeIgniter\Boot::runCommand()
#11 /home/inogueira/projetos/CRUD de Alunos/spark(84): CodeIgniter\Boot::bootSpark()
#12 {main}
ERROR - 2024-11-01 17:07:24 --> Error connecting to the database: mysqli_sql_exception: Access denied for user 'root'@'localhost' (using password: YES) in /home/inogueira/projetos/CRUD de Alunos/system/Database/MySQLi/Connection.php:186
Stack trace:
#0 /home/inogueira/projetos/CRUD de Alunos/system/Database/MySQLi/Connection.php(186): mysqli->real_connect()
#1 /home/inogueira/projetos/CRUD de Alunos/system/Database/BaseConnection.php(421): CodeIgniter\Database\MySQLi\Connection->connect()
#2 /home/inogueira/projetos/CRUD de Alunos/system/Database/BaseConnection.php(616): CodeIgniter\Database\BaseConnection->initialize()
#3 /home/inogueira/projetos/CRUD de Alunos/system/Database/BaseConnection.php(1485): CodeIgniter\Database\BaseConnection->query()
#4 /home/inogueira/projetos/CRUD de Alunos/system/Database/BaseConnection.php(1505): CodeIgniter\Database\BaseConnection->listTables()
#5 /home/inogueira/projetos/CRUD de Alunos/system/Database/MigrationRunner.php(759): CodeIgniter\Database\BaseConnection->tableExists()
#6 /home/inogueira/projetos/CRUD de Alunos/system/Database/MigrationRunner.php(163): CodeIgniter\Database\MigrationRunner->ensureTable()
#7 /home/inogueira/projetos/CRUD de Alunos/system/Commands/Database/Migrate.php(85): CodeIgniter\Database\MigrationRunner->latest()
#8 /home/inogueira/projetos/CRUD de Alunos/system/CLI/Commands.php(70): CodeIgniter\Commands\Database\Migrate->run()
#9 /home/inogueira/projetos/CRUD de Alunos/system/CLI/Console.php(48): CodeIgniter\CLI\Commands->run()
#10 /home/inogueira/projetos/CRUD de Alunos/system/Boot.php(351): CodeIgniter\CLI\Console->run()
#11 /home/inogueira/projetos/CRUD de Alunos/system/Boot.php(104): CodeIgniter\Boot::runCommand()
#12 /home/inogueira/projetos/CRUD de Alunos/spark(84): CodeIgniter\Boot::bootSpark()
#13 {main}

Next CodeIgniter\Database\Exceptions\DatabaseException: Access denied for user '****'@'localhost' (using password: YES) in /home/inogueira/projetos/CRUD de Alunos/system/Database/MySQLi/Connection.php:231
Stack trace:
#0 /home/inogueira/projetos/CRUD de Alunos/system/Database/BaseConnection.php(421): CodeIgniter\Database\MySQLi\Connection->connect()
#1 /home/inogueira/projetos/CRUD de Alunos/system/Database/BaseConnection.php(616): CodeIgniter\Database\BaseConnection->initialize()
#2 /home/inogueira/projetos/CRUD de Alunos/system/Database/BaseConnection.php(1485): CodeIgniter\Database\BaseConnection->query()
#3 /home/inogueira/projetos/CRUD de Alunos/system/Database/BaseConnection.php(1505): CodeIgniter\Database\BaseConnection->listTables()
#4 /home/inogueira/projetos/CRUD de Alunos/system/Database/MigrationRunner.php(759): CodeIgniter\Database\BaseConnection->tableExists()
#5 /home/inogueira/projetos/CRUD de Alunos/system/Database/MigrationRunner.php(163): CodeIgniter\Database\MigrationRunner->ensureTable()
#6 /home/inogueira/projetos/CRUD de Alunos/system/Commands/Database/Migrate.php(85): CodeIgniter\Database\MigrationRunner->latest()
#7 /home/inogueira/projetos/CRUD de Alunos/system/CLI/Commands.php(70): CodeIgniter\Commands\Database\Migrate->run()
#8 /home/inogueira/projetos/CRUD de Alunos/system/CLI/Console.php(48): CodeIgniter\CLI\Commands->run()
#9 /home/inogueira/projetos/CRUD de Alunos/system/Boot.php(351): CodeIgniter\CLI\Console->run()
#10 /home/inogueira/projetos/CRUD de Alunos/system/Boot.php(104): CodeIgniter\Boot::runCommand()
#11 /home/inogueira/projetos/CRUD de Alunos/spark(84): CodeIgniter\Boot::bootSpark()
#12 {main}
ERROR - 2024-11-01 17:07:28 --> Error connecting to the database: mysqli_sql_exception: Access denied for user 'root'@'localhost' (using password: YES) in /home/inogueira/projetos/CRUD de Alunos/system/Database/MySQLi/Connection.php:186
Stack trace:
#0 /home/inogueira/projetos/CRUD de Alunos/system/Database/MySQLi/Connection.php(186): mysqli->real_connect()
#1 /home/inogueira/projetos/CRUD de Alunos/system/Database/BaseConnection.php(421): CodeIgniter\Database\MySQLi\Connection->connect()
#2 /home/inogueira/projetos/CRUD de Alunos/system/Database/Database.php(72): CodeIgniter\Database\BaseConnection->initialize()
#3 /home/inogueira/projetos/CRUD de Alunos/system/Database/Config.php(111): CodeIgniter\Database\Database->loadForge()
#4 /home/inogueira/projetos/CRUD de Alunos/system/Commands/Database/CreateDatabase.php(136): CodeIgniter\Database\Config::forge()
#5 /home/inogueira/projetos/CRUD de Alunos/system/CLI/Commands.php(70): CodeIgniter\Commands\Database\CreateDatabase->run()
#6 /home/inogueira/projetos/CRUD de Alunos/system/CLI/Console.php(48): CodeIgniter\CLI\Commands->run()
#7 /home/inogueira/projetos/CRUD de Alunos/system/Boot.php(351): CodeIgniter\CLI\Console->run()
#8 /home/inogueira/projetos/CRUD de Alunos/system/Boot.php(104): CodeIgniter\Boot::runCommand()
#9 /home/inogueira/projetos/CRUD de Alunos/spark(84): CodeIgniter\Boot::bootSpark()
#10 {main}

Next CodeIgniter\Database\Exceptions\DatabaseException: Access denied for user '****'@'localhost' (using password: YES) in /home/inogueira/projetos/CRUD de Alunos/system/Database/MySQLi/Connection.php:231
Stack trace:
#0 /home/inogueira/projetos/CRUD de Alunos/system/Database/BaseConnection.php(421): CodeIgniter\Database\MySQLi\Connection->connect()
#1 /home/inogueira/projetos/CRUD de Alunos/system/Database/Database.php(72): CodeIgniter\Database\BaseConnection->initialize()
#2 /home/inogueira/projetos/CRUD de Alunos/system/Database/Config.php(111): CodeIgniter\Database\Database->loadForge()
#3 /home/inogueira/projetos/CRUD de Alunos/system/Commands/Database/CreateDatabase.php(136): CodeIgniter\Database\Config::forge()
#4 /home/inogueira/projetos/CRUD de Alunos/system/CLI/Commands.php(70): CodeIgniter\Commands\Database\CreateDatabase->run()
#5 /home/inogueira/projetos/CRUD de Alunos/system/CLI/Console.php(48): CodeIgniter\CLI\Commands->run()
#6 /home/inogueira/projetos/CRUD de Alunos/system/Boot.php(351): CodeIgniter\CLI\Console->run()
#7 /home/inogueira/projetos/CRUD de Alunos/system/Boot.php(104): CodeIgniter\Boot::runCommand()
#8 /home/inogueira/projetos/CRUD de Alunos/spark(84): CodeIgniter\Boot::bootSpark()
#9 {main}
