CRITICAL - 2024-11-06 00:35:05 --> Error: Call to a member function getFile() on string
[Method: POST, Route: api/student/create]
in APPPATH/Controllers/StudentController.php on line 61.
 1 SYSTEMPATH/CodeIgniter.php(933): App\Controllers\StudentController->create()
 2 SYSTEMPATH/CodeIgniter.php(509): CodeIgniter\CodeIgniter->runController()
 3 SYSTEMPATH/CodeIgniter.php(355): CodeIgniter\CodeIgniter->handleRequest()
 4 SYSTEMPATH/Boot.php(325): CodeIgniter\CodeIgniter->run()
 5 SYSTEMPATH/Boot.php(67): CodeIgniter\Boot::runCodeIgniter()
 6 FCPATH/index.php(56): CodeIgniter\Boot::bootWeb()
 7 SYSTEMPATH/rewrite.php(44): require_once('/home/inogueira/projetos/CRUD de Alunos/public/index.php')
CRITICAL - 2024-11-06 00:35:28 --> Error: Call to a member function getFile() on string
[Method: POST, Route: api/student/create]
in APPPATH/Controllers/StudentController.php on line 61.
 1 SYSTEMPATH/CodeIgniter.php(933): App\Controllers\StudentController->create()
 2 SYSTEMPATH/CodeIgniter.php(509): CodeIgniter\CodeIgniter->runController()
 3 SYSTEMPATH/CodeIgniter.php(355): CodeIgniter\CodeIgniter->handleRequest()
 4 SYSTEMPATH/Boot.php(325): CodeIgniter\CodeIgniter->run()
 5 SYSTEMPATH/Boot.php(67): CodeIgniter\Boot::runCodeIgniter()
 6 FCPATH/index.php(56): CodeIgniter\Boot::bootWeb()
 7 SYSTEMPATH/rewrite.php(44): require_once('/home/inogueira/projetos/CRUD de Alunos/public/index.php')
CRITICAL - 2024-11-06 00:35:53 --> Error: Call to a member function getFile() on string
[Method: POST, Route: api/student/create]
in APPPATH/Controllers/StudentController.php on line 61.
 1 SYSTEMPATH/CodeIgniter.php(933): App\Controllers\StudentController->create()
 2 SYSTEMPATH/CodeIgniter.php(509): CodeIgniter\CodeIgniter->runController()
 3 SYSTEMPATH/CodeIgniter.php(355): CodeIgniter\CodeIgniter->handleRequest()
 4 SYSTEMPATH/Boot.php(325): CodeIgniter\CodeIgniter->run()
 5 SYSTEMPATH/Boot.php(67): CodeIgniter\Boot::runCodeIgniter()
 6 FCPATH/index.php(56): CodeIgniter\Boot::bootWeb()
 7 SYSTEMPATH/rewrite.php(44): require_once('/home/inogueira/projetos/CRUD de Alunos/public/index.php')
CRITICAL - 2024-11-06 01:07:56 --> ValueError: Path cannot be empty
[Method: POST, Route: api/student/create]
in APPPATH/Controllers/StudentController.php on line 110.
 1 APPPATH/Controllers/StudentController.php(110): file_get_contents()
 2 SYSTEMPATH/CodeIgniter.php(933): App\Controllers\StudentController->create()
 3 SYSTEMPATH/CodeIgniter.php(509): CodeIgniter\CodeIgniter->runController()
 4 SYSTEMPATH/CodeIgniter.php(355): CodeIgniter\CodeIgniter->handleRequest()
 5 SYSTEMPATH/Boot.php(325): CodeIgniter\CodeIgniter->run()
 6 SYSTEMPATH/Boot.php(67): CodeIgniter\Boot::runCodeIgniter()
 7 FCPATH/index.php(56): CodeIgniter\Boot::bootWeb()
 8 SYSTEMPATH/rewrite.php(44): require_once('/home/inogueira/projetos/CRUD de Alunos/public/index.php')
CRITICAL - 2024-11-06 01:27:44 --> Error: Call to a member function getName() on null
[Method: POST, Route: api/student/create]
in APPPATH/Controllers/StudentController.php on line 110.
 1 SYSTEMPATH/CodeIgniter.php(933): App\Controllers\StudentController->create()
 2 SYSTEMPATH/CodeIgniter.php(509): CodeIgniter\CodeIgniter->runController()
 3 SYSTEMPATH/CodeIgniter.php(355): CodeIgniter\CodeIgniter->handleRequest()
 4 SYSTEMPATH/Boot.php(325): CodeIgniter\CodeIgniter->run()
 5 SYSTEMPATH/Boot.php(67): CodeIgniter\Boot::runCodeIgniter()
 6 FCPATH/index.php(56): CodeIgniter\Boot::bootWeb()
 7 SYSTEMPATH/rewrite.php(44): require_once('/home/inogueira/projetos/CRUD de Alunos/public/index.php')
CRITICAL - 2024-11-06 01:28:05 --> Error: Call to a member function getName() on null
[Method: POST, Route: api/student/create]
in APPPATH/Controllers/StudentController.php on line 110.
 1 SYSTEMPATH/CodeIgniter.php(933): App\Controllers\StudentController->create()
 2 SYSTEMPATH/CodeIgniter.php(509): CodeIgniter\CodeIgniter->runController()
 3 SYSTEMPATH/CodeIgniter.php(355): CodeIgniter\CodeIgniter->handleRequest()
 4 SYSTEMPATH/Boot.php(325): CodeIgniter\CodeIgniter->run()
 5 SYSTEMPATH/Boot.php(67): CodeIgniter\Boot::runCodeIgniter()
 6 FCPATH/index.php(56): CodeIgniter\Boot::bootWeb()
 7 SYSTEMPATH/rewrite.php(44): require_once('/home/inogueira/projetos/CRUD de Alunos/public/index.php')
CRITICAL - 2024-11-06 01:28:31 --> Error: Call to a member function getName() on null
[Method: POST, Route: api/student/create]
in APPPATH/Controllers/StudentController.php on line 110.
 1 SYSTEMPATH/CodeIgniter.php(933): App\Controllers\StudentController->create()
 2 SYSTEMPATH/CodeIgniter.php(509): CodeIgniter\CodeIgniter->runController()
 3 SYSTEMPATH/CodeIgniter.php(355): CodeIgniter\CodeIgniter->handleRequest()
 4 SYSTEMPATH/Boot.php(325): CodeIgniter\CodeIgniter->run()
 5 SYSTEMPATH/Boot.php(67): CodeIgniter\Boot::runCodeIgniter()
 6 FCPATH/index.php(56): CodeIgniter\Boot::bootWeb()
 7 SYSTEMPATH/rewrite.php(44): require_once('/home/inogueira/projetos/CRUD de Alunos/public/index.php')
ERROR - 2024-11-06 15:42:09 --> mysqli_sql_exception: Data too long for column 'phone' at row 1 in /home/inogueira/projetos/CRUD de Alunos/system/Database/MySQLi/Connection.php:312
Stack trace:
#0 /home/inogueira/projetos/CRUD de Alunos/system/Database/MySQLi/Connection.php(312): mysqli->query()
#1 /home/inogueira/projetos/CRUD de Alunos/system/Database/BaseConnection.php(734): CodeIgniter\Database\MySQLi\Connection->execute()
#2 /home/inogueira/projetos/CRUD de Alunos/system/Database/BaseConnection.php(648): CodeIgniter\Database\BaseConnection->simpleQuery()
#3 /home/inogueira/projetos/CRUD de Alunos/system/Database/BaseBuilder.php(2340): CodeIgniter\Database\BaseConnection->query()
#4 /home/inogueira/projetos/CRUD de Alunos/system/Model.php(394): CodeIgniter\Database\BaseBuilder->insert()
#5 /home/inogueira/projetos/CRUD de Alunos/system/BaseModel.php(840): CodeIgniter\Model->doInsert()
#6 /home/inogueira/projetos/CRUD de Alunos/system/Model.php(802): CodeIgniter\BaseModel->insert()
#7 /home/inogueira/projetos/CRUD de Alunos/app/Controllers/StudentController.php(71): CodeIgniter\Model->insert()
#8 /home/inogueira/projetos/CRUD de Alunos/system/CodeIgniter.php(933): App\Controllers\StudentController->create()
#9 /home/inogueira/projetos/CRUD de Alunos/system/CodeIgniter.php(509): CodeIgniter\CodeIgniter->runController()
#10 /home/inogueira/projetos/CRUD de Alunos/system/CodeIgniter.php(355): CodeIgniter\CodeIgniter->handleRequest()
#11 /home/inogueira/projetos/CRUD de Alunos/system/Boot.php(325): CodeIgniter\CodeIgniter->run()
#12 /home/inogueira/projetos/CRUD de Alunos/system/Boot.php(67): CodeIgniter\Boot::runCodeIgniter()
#13 /home/inogueira/projetos/CRUD de Alunos/public/index.php(56): CodeIgniter\Boot::bootWeb()
#14 /home/inogueira/projetos/CRUD de Alunos/system/rewrite.php(44): require_once('...')
#15 {main}
CRITICAL - 2024-11-06 15:42:09 --> CodeIgniter\Database\Exceptions\DatabaseException: Data too long for column 'phone' at row 1
[Method: POST, Route: api/student/create]
in SYSTEMPATH/Database/BaseConnection.php on line 688.
 1 SYSTEMPATH/Database/BaseBuilder.php(2340): CodeIgniter\Database\BaseConnection->query()
 2 SYSTEMPATH/Model.php(394): CodeIgniter\Database\BaseBuilder->insert()
 3 SYSTEMPATH/BaseModel.php(840): CodeIgniter\Model->doInsert()
 4 SYSTEMPATH/Model.php(802): CodeIgniter\BaseModel->insert()
 5 APPPATH/Controllers/StudentController.php(71): CodeIgniter\Model->insert()
 6 SYSTEMPATH/CodeIgniter.php(933): App\Controllers\StudentController->create()
 7 SYSTEMPATH/CodeIgniter.php(509): CodeIgniter\CodeIgniter->runController()
 8 SYSTEMPATH/CodeIgniter.php(355): CodeIgniter\CodeIgniter->handleRequest()
 9 SYSTEMPATH/Boot.php(325): CodeIgniter\CodeIgniter->run()
10 SYSTEMPATH/Boot.php(67): CodeIgniter\Boot::runCodeIgniter()
11 FCPATH/index.php(56): CodeIgniter\Boot::bootWeb()
12 SYSTEMPATH/rewrite.php(44): require_once('/home/inogueira/projetos/CRUD de Alunos/public/index.php')
CRITICAL - 2024-11-06 15:42:09 --> [Caused by] CodeIgniter\Database\Exceptions\DatabaseException: Data too long for column 'phone' at row 1
in SYSTEMPATH/Database/MySQLi/Connection.php on line 317.
 1 SYSTEMPATH/Database/BaseConnection.php(734): CodeIgniter\Database\MySQLi\Connection->execute()
 2 SYSTEMPATH/Database/BaseConnection.php(648): CodeIgniter\Database\BaseConnection->simpleQuery()
 3 SYSTEMPATH/Database/BaseBuilder.php(2340): CodeIgniter\Database\BaseConnection->query()
 4 SYSTEMPATH/Model.php(394): CodeIgniter\Database\BaseBuilder->insert()
 5 SYSTEMPATH/BaseModel.php(840): CodeIgniter\Model->doInsert()
 6 SYSTEMPATH/Model.php(802): CodeIgniter\BaseModel->insert()
 7 APPPATH/Controllers/StudentController.php(71): CodeIgniter\Model->insert()
 8 SYSTEMPATH/CodeIgniter.php(933): App\Controllers\StudentController->create()
 9 SYSTEMPATH/CodeIgniter.php(509): CodeIgniter\CodeIgniter->runController()
10 SYSTEMPATH/CodeIgniter.php(355): CodeIgniter\CodeIgniter->handleRequest()
11 SYSTEMPATH/Boot.php(325): CodeIgniter\CodeIgniter->run()
12 SYSTEMPATH/Boot.php(67): CodeIgniter\Boot::runCodeIgniter()
13 FCPATH/index.php(56): CodeIgniter\Boot::bootWeb()
14 SYSTEMPATH/rewrite.php(44): require_once('/home/inogueira/projetos/CRUD de Alunos/public/index.php')
CRITICAL - 2024-11-06 15:42:09 --> [Caused by] mysqli_sql_exception: Data too long for column 'phone' at row 1
in SYSTEMPATH/Database/MySQLi/Connection.php on line 312.
 1 SYSTEMPATH/Database/MySQLi/Connection.php(312): mysqli->query()
 2 SYSTEMPATH/Database/BaseConnection.php(734): CodeIgniter\Database\MySQLi\Connection->execute()
 3 SYSTEMPATH/Database/BaseConnection.php(648): CodeIgniter\Database\BaseConnection->simpleQuery()
 4 SYSTEMPATH/Database/BaseBuilder.php(2340): CodeIgniter\Database\BaseConnection->query()
 5 SYSTEMPATH/Model.php(394): CodeIgniter\Database\BaseBuilder->insert()
 6 SYSTEMPATH/BaseModel.php(840): CodeIgniter\Model->doInsert()
 7 SYSTEMPATH/Model.php(802): CodeIgniter\BaseModel->insert()
 8 APPPATH/Controllers/StudentController.php(71): CodeIgniter\Model->insert()
 9 SYSTEMPATH/CodeIgniter.php(933): App\Controllers\StudentController->create()
10 SYSTEMPATH/CodeIgniter.php(509): CodeIgniter\CodeIgniter->runController()
11 SYSTEMPATH/CodeIgniter.php(355): CodeIgniter\CodeIgniter->handleRequest()
12 SYSTEMPATH/Boot.php(325): CodeIgniter\CodeIgniter->run()
13 SYSTEMPATH/Boot.php(67): CodeIgniter\Boot::runCodeIgniter()
14 FCPATH/index.php(56): CodeIgniter\Boot::bootWeb()
15 SYSTEMPATH/rewrite.php(44): require_once('/home/inogueira/projetos/CRUD de Alunos/public/index.php')
CRITICAL - 2024-11-06 16:41:11 --> Error: Call to a member function getName() on null
[Method: POST, Route: api/student/create]
in APPPATH/Controllers/StudentController.php on line 75.
 1 SYSTEMPATH/CodeIgniter.php(933): App\Controllers\StudentController->create()
 2 SYSTEMPATH/CodeIgniter.php(509): CodeIgniter\CodeIgniter->runController()
 3 SYSTEMPATH/CodeIgniter.php(355): CodeIgniter\CodeIgniter->handleRequest()
 4 SYSTEMPATH/Boot.php(325): CodeIgniter\CodeIgniter->run()
 5 SYSTEMPATH/Boot.php(67): CodeIgniter\Boot::runCodeIgniter()
 6 FCPATH/index.php(56): CodeIgniter\Boot::bootWeb()
 7 SYSTEMPATH/rewrite.php(44): require_once('/home/inogueira/projetos/CRUD de Alunos/public/index.php')
CRITICAL - 2024-11-06 16:41:23 --> Error: Call to a member function getName() on null
[Method: POST, Route: api/student/create]
in APPPATH/Controllers/StudentController.php on line 75.
 1 SYSTEMPATH/CodeIgniter.php(933): App\Controllers\StudentController->create()
 2 SYSTEMPATH/CodeIgniter.php(509): CodeIgniter\CodeIgniter->runController()
 3 SYSTEMPATH/CodeIgniter.php(355): CodeIgniter\CodeIgniter->handleRequest()
 4 SYSTEMPATH/Boot.php(325): CodeIgniter\CodeIgniter->run()
 5 SYSTEMPATH/Boot.php(67): CodeIgniter\Boot::runCodeIgniter()
 6 FCPATH/index.php(56): CodeIgniter\Boot::bootWeb()
 7 SYSTEMPATH/rewrite.php(44): require_once('/home/inogueira/projetos/CRUD de Alunos/public/index.php')
CRITICAL - 2024-11-06 16:41:31 --> Error: Call to a member function getName() on null
[Method: POST, Route: api/student/create]
in APPPATH/Controllers/StudentController.php on line 75.
 1 SYSTEMPATH/CodeIgniter.php(933): App\Controllers\StudentController->create()
 2 SYSTEMPATH/CodeIgniter.php(509): CodeIgniter\CodeIgniter->runController()
 3 SYSTEMPATH/CodeIgniter.php(355): CodeIgniter\CodeIgniter->handleRequest()
 4 SYSTEMPATH/Boot.php(325): CodeIgniter\CodeIgniter->run()
 5 SYSTEMPATH/Boot.php(67): CodeIgniter\Boot::runCodeIgniter()
 6 FCPATH/index.php(56): CodeIgniter\Boot::bootWeb()
 7 SYSTEMPATH/rewrite.php(44): require_once('/home/inogueira/projetos/CRUD de Alunos/public/index.php')
CRITICAL - 2024-11-06 16:42:33 --> Error: Call to a member function getName() on null
[Method: POST, Route: api/student/create]
in APPPATH/Controllers/StudentController.php on line 75.
 1 SYSTEMPATH/CodeIgniter.php(933): App\Controllers\StudentController->create()
 2 SYSTEMPATH/CodeIgniter.php(509): CodeIgniter\CodeIgniter->runController()
 3 SYSTEMPATH/CodeIgniter.php(355): CodeIgniter\CodeIgniter->handleRequest()
 4 SYSTEMPATH/Boot.php(325): CodeIgniter\CodeIgniter->run()
 5 SYSTEMPATH/Boot.php(67): CodeIgniter\Boot::runCodeIgniter()
 6 FCPATH/index.php(56): CodeIgniter\Boot::bootWeb()
 7 SYSTEMPATH/rewrite.php(44): require_once('/home/inogueira/projetos/CRUD de Alunos/public/index.php')
CRITICAL - 2024-11-06 19:10:13 --> Error: Call to a member function hasMoved() on array
[Method: POST, Route: api/student/create]
in APPPATH/Controllers/StudentController.php on line 68.
 1 SYSTEMPATH/CodeIgniter.php(933): App\Controllers\StudentController->create()
 2 SYSTEMPATH/CodeIgniter.php(509): CodeIgniter\CodeIgniter->runController()
 3 SYSTEMPATH/CodeIgniter.php(355): CodeIgniter\CodeIgniter->handleRequest()
 4 SYSTEMPATH/Boot.php(325): CodeIgniter\CodeIgniter->run()
 5 SYSTEMPATH/Boot.php(67): CodeIgniter\Boot::runCodeIgniter()
 6 FCPATH/index.php(56): CodeIgniter\Boot::bootWeb()
 7 SYSTEMPATH/rewrite.php(44): require_once('/home/inogueira/projetos/CRUD de Alunos/public/index.php')
CRITICAL - 2024-11-06 19:14:06 --> Error: Call to a member function hasMoved() on array
[Method: POST, Route: api/student/create]
in APPPATH/Controllers/StudentController.php on line 68.
 1 SYSTEMPATH/CodeIgniter.php(933): App\Controllers\StudentController->create()
 2 SYSTEMPATH/CodeIgniter.php(509): CodeIgniter\CodeIgniter->runController()
 3 SYSTEMPATH/CodeIgniter.php(355): CodeIgniter\CodeIgniter->handleRequest()
 4 SYSTEMPATH/Boot.php(325): CodeIgniter\CodeIgniter->run()
 5 SYSTEMPATH/Boot.php(67): CodeIgniter\Boot::runCodeIgniter()
 6 FCPATH/index.php(56): CodeIgniter\Boot::bootWeb()
 7 SYSTEMPATH/rewrite.php(44): require_once('/home/inogueira/projetos/CRUD de Alunos/public/index.php')
CRITICAL - 2024-11-06 19:17:48 --> Error: Call to a member function store() on array
[Method: POST, Route: api/student/create]
in APPPATH/Controllers/StudentController.php on line 70.
 1 SYSTEMPATH/CodeIgniter.php(933): App\Controllers\StudentController->create()
 2 SYSTEMPATH/CodeIgniter.php(509): CodeIgniter\CodeIgniter->runController()
 3 SYSTEMPATH/CodeIgniter.php(355): CodeIgniter\CodeIgniter->handleRequest()
 4 SYSTEMPATH/Boot.php(325): CodeIgniter\CodeIgniter->run()
 5 SYSTEMPATH/Boot.php(67): CodeIgniter\Boot::runCodeIgniter()
 6 FCPATH/index.php(56): CodeIgniter\Boot::bootWeb()
 7 SYSTEMPATH/rewrite.php(44): require_once('/home/inogueira/projetos/CRUD de Alunos/public/index.php')
ERROR - 2024-11-06 19:40:18 --> Some variable did not contain a value.
ERROR - 2024-11-06 19:40:19 --> Some variable did not contain a value.
ERROR - 2024-11-06 19:40:59 --> file_672bc64b480f10.31232276.png
ERROR - 2024-11-06 19:41:22 --> file_672bc6622ac5c4.21130109.png
ERROR - 2024-11-06 19:41:22 --> /home/inogueira/projetos/CRUD de Alunos/writable/uploads/file_672bc6622ac5c4.21130109.png
ERROR - 2024-11-06 19:42:50 --> file_672bc6ba973ba3.80521963.png
ERROR - 2024-11-06 19:42:50 --> /home/inogueira/projetos/CRUD de Alunos/writable/uploads/file_672bc6ba973ba3.80521963.png
ERROR - 2024-11-06 19:43:32 --> file_672bc6e49b1f90.17688188.png
ERROR - 2024-11-06 19:43:32 --> /home/inogueira/projetos/CRUD de Alunos/writable/uploads/file_672bc6e49b1f90.17688188.png
ERROR - 2024-11-06 19:44:16 --> file_672bc7102f2e81.52075016.png
ERROR - 2024-11-06 19:44:16 --> /home/inogueira/projetos/CRUD de Alunos/writable/uploads/file_672bc7102f2e81.52075016.png
ERROR - 2024-11-06 19:44:35 --> file_672bc723df8208.47814134.png
ERROR - 2024-11-06 19:44:35 --> /home/inogueira/projetos/CRUD de Alunos/writable/uploads/file_672bc723df8208.47814134.png
